<?xml version="1.0" encoding="UTF-8"?>
<!-- Generated by org.testng.reporters.JUnitXMLReporter -->
<testsuite ignored="0" hostname="LAPTOP-MNS8NOGH" failures="0" tests="10" name="Default test" time="75.334" errors="0" timestamp="2022-09-16T17:11:59 IST">
  <testcase classname="Com.sgtesting.launchprocess.Assignment7" name="launchbroswer" time="2.657"/>
  <testcase classname="Com.sgtesting.launchprocess.Assignment7" name="navigate" time="6.819"/>
  <testcase classname="Com.sgtesting.launchprocess.Assignment7" name="login" time="0.349"/>
  <testcase classname="Com.sgtesting.launchprocess.Assignment7" name="minimizeFlyOutWindow" time="6.732"/>
  <testcase classname="Com.sgtesting.launchprocess.Assignment7" name="CustomerCreate" time="10.44"/>
  <testcase classname="Com.sgtesting.launchprocess.Assignment7" name="ProjectCreate" time="11.103"/>
  <testcase classname="Com.sgtesting.launchprocess.Assignment7" name="ModifiyProject" time="8.755"/>
  <testcase classname="Com.sgtesting.launchprocess.Assignment7" name="NewTask" time="7.108"/>
  <testcase classname="Com.sgtesting.launchprocess.Assignment7" name="DeleteProject" time="6.486"/>
  <testcase classname="Com.sgtesting.launchprocess.Assignment7" name="DeleteCustomer" time="14.742"/>
</testsuite> <!-- Default test -->
