<?xml version="1.0" encoding="UTF-8"?>
<!-- Generated by org.testng.reporters.JUnitXMLReporter -->
<testsuite ignored="0" hostname="LAPTOP-MNS8NOGH" failures="0" tests="55" name="Testcase" time="296.722" errors="0" timestamp="2022-09-16T17:22:46 IST">
  <testcase classname="Com.sgtesting.launchprocess.Assignment2" name="launchbroswer" time="2.839"/>
  <testcase classname="Com.sgtesting.launchprocess.Assignment2" name="navigate" time="6.991"/>
  <testcase classname="Com.sgtesting.launchprocess.Assignment2" name="login" time="0.36"/>
  <testcase classname="Com.sgtesting.launchprocess.Assignment2" name="minimizeFlyOutWindow" time="3.901"/>
  <testcase classname="Com.sgtesting.launchprocess.Assignment2" name="CreateUsername" time="16.212"/>
  <testcase classname="Com.sgtesting.launchprocess.Assignment2" name="ModifiyUsername" time="19.744"/>
  <testcase classname="Com.sgtesting.launchprocess.Assignment2" name="DeleteUser" time="6.445"/>
  <testcase classname="Com.sgtesting.launchprocess.Assignment2" name="logout" time="2.563"/>
  <testcase classname="Com.sgtesting.launchprocess.Assignment2" name="closeApplication" time="0.546"/>
  <testcase classname="Com.sgtesting.launchprocess.Assignment3" name="launchbroswer" time="1.789"/>
  <testcase classname="Com.sgtesting.launchprocess.Assignment3" name="navigate" time="6.773"/>
  <testcase classname="Com.sgtesting.launchprocess.Assignment3" name="login" time="0.253"/>
  <testcase classname="Com.sgtesting.launchprocess.Assignment3" name="minimizeFlyOutWindow" time="3.81"/>
  <testcase classname="Com.sgtesting.launchprocess.Assignment3" name="CustomerCreate" time="11.108"/>
  <testcase classname="Com.sgtesting.launchprocess.Assignment3" name="DeleteCustomer" time="14.774"/>
  <testcase classname="Com.sgtesting.launchprocess.Assignment3" name="Logout" time="2.374"/>
  <testcase classname="Com.sgtesting.launchprocess.Assignment3" name="CloseApplication" time="0.314"/>
  <testcase classname="Com.sgtesting.launchprocess.Assignment4" name="launchbroswer" time="1.115"/>
  <testcase classname="Com.sgtesting.launchprocess.Assignment4" name="navigate" time="6.096"/>
  <testcase classname="Com.sgtesting.launchprocess.Assignment4" name="login" time="0.336"/>
  <testcase classname="Com.sgtesting.launchprocess.Assignment4" name="minimizeFlyOutWindow" time="5.757"/>
  <testcase classname="Com.sgtesting.launchprocess.Assignment4" name="CustomerCreate" time="10.193"/>
  <testcase classname="Com.sgtesting.launchprocess.Assignment4" name="ModifyTask6" time="6.651"/>
  <testcase classname="Com.sgtesting.launchprocess.Assignment4" name="DeleteCustomer" time="16.871"/>
  <testcase classname="Com.sgtesting.launchprocess.Assignment4" name="Logout" time="2.442"/>
  <testcase classname="Com.sgtesting.launchprocess.Assignment4" name="CloseApplication" time="0.172"/>
  <testcase classname="Com.sgtesting.launchprocess.Assignment6" name="launchbroswer" time="1.271"/>
  <testcase classname="Com.sgtesting.launchprocess.Assignment6" name="navigate" time="6.678"/>
  <testcase classname="Com.sgtesting.launchprocess.Assignment6" name="login" time="0.288"/>
  <testcase classname="Com.sgtesting.launchprocess.Assignment6" name="minimizeFlyOutWindow" time="5.878"/>
  <testcase classname="Com.sgtesting.launchprocess.Assignment6" name="CustomerCreate" time="10.274"/>
  <testcase classname="Com.sgtesting.launchprocess.Assignment6" name="ProjectCreate" time="10.962"/>
  <testcase classname="Com.sgtesting.launchprocess.Assignment6" name="DeleteProject" time="6.544"/>
  <testcase classname="Com.sgtesting.launchprocess.Assignment6" name="DeleteCustomer" time="14.698"/>
  <testcase classname="Com.sgtesting.launchprocess.Assignment6" name="Logout" time="2.42"/>
  <testcase classname="Com.sgtesting.launchprocess.Assignment6" name="CloseApplication" time="0.208"/>
  <testcase classname="Com.sgtesting.launchprocess.Assignment7" name="launchbroswer" time="1.388"/>
  <testcase classname="Com.sgtesting.launchprocess.Assignment7" name="navigate" time="7.901"/>
  <testcase classname="Com.sgtesting.launchprocess.Assignment7" name="login" time="0.249"/>
  <testcase classname="Com.sgtesting.launchprocess.Assignment7" name="minimizeFlyOutWindow" time="4.329"/>
  <testcase classname="Com.sgtesting.launchprocess.Assignment7" name="CustomerCreate" time="10.4"/>
  <testcase classname="Com.sgtesting.launchprocess.Assignment7" name="ProjectCreate" time="10.812"/>
  <testcase classname="Com.sgtesting.launchprocess.Assignment7" name="ModifiyProject" time="8.665"/>
  <testcase classname="Com.sgtesting.launchprocess.Assignment7" name="NewTask" time="6.898"/>
  <testcase classname="Com.sgtesting.launchprocess.Assignment7" name="DeleteProject" time="6.541"/>
  <testcase classname="Com.sgtesting.launchprocess.Assignment7" name="DeleteCustomer" time="14.57"/>
  <testcase classname="Com.sgtesting.launchprocess.Assignment7" name="Logout" time="2.4"/>
  <testcase classname="Com.sgtesting.launchprocess.Assignment7" name="CloseApplication" time="0.233"/>
  <testcase classname="Com.sgtesting.launchprocess.UserScenario" name="launchbroswer" time="1.5"/>
  <testcase classname="Com.sgtesting.launchprocess.UserScenario" name="navigate" time="6.768"/>
  <testcase classname="Com.sgtesting.launchprocess.UserScenario" name="login" time="0.424"/>
  <testcase classname="Com.sgtesting.launchprocess.UserScenario" name="CreateUsername" time="2.255"/>
  <testcase classname="Com.sgtesting.launchprocess.UserScenario" name="DeleteUser" time="0.042"/>
  <testcase classname="Com.sgtesting.launchprocess.UserScenario" name="logout" time="1.081"/>
  <testcase classname="Com.sgtesting.launchprocess.UserScenario" name="closeApplication" time="0.373"/>
</testsuite> <!-- Testcase -->
