<?xml version="1.0" encoding="UTF-8"?>
<testng-results ignored="0" total="55" passed="55" failed="0" skipped="0">
  <reporter-output>
  </reporter-output>
  <suite started-at="2022-09-16T17:17:49 IST" name="Automation" finished-at="2022-09-16T17:22:46 IST" duration-ms="296722">
    <groups>
    </groups>
    <test started-at="2022-09-16T17:17:49 IST" name="Testcase" finished-at="2022-09-16T17:22:46 IST" duration-ms="296722">
      <class name="Com.sgtesting.launchprocess.UserScenario">
        <test-method signature="launchbroswer()[pri:1, instance:Com.sgtesting.launchprocess.UserScenario@32502377]" started-at="2022-09-16T17:22:34 IST" name="launchbroswer" finished-at="2022-09-16T17:22:35 IST" duration-ms="1500" status="PASS">
          <reporter-output>
          </reporter-output>
        </test-method> <!-- launchbroswer -->
        <test-method signature="navigate()[pri:2, instance:Com.sgtesting.launchprocess.UserScenario@32502377]" started-at="2022-09-16T17:22:35 IST" name="navigate" finished-at="2022-09-16T17:22:42 IST" duration-ms="6768" status="PASS">
          <reporter-output>
          </reporter-output>
        </test-method> <!-- navigate -->
        <test-method signature="login(java.lang.String,java.lang.String)[pri:3, instance:Com.sgtesting.launchprocess.UserScenario@32502377]" started-at="2022-09-16T17:22:42 IST" name="login" data-provider="getcred" finished-at="2022-09-16T17:22:42 IST" duration-ms="424" status="PASS">
          <params>
            <param index="0">
              <value>
                <![CDATA[admin]]>
              </value>
            </param>
            <param index="1">
              <value>
                <![CDATA[manager]]>
              </value>
            </param>
          </params>
          <reporter-output>
          </reporter-output>
        </test-method> <!-- login -->
        <test-method signature="CreateUsername()[pri:5, instance:Com.sgtesting.launchprocess.UserScenario@32502377]" started-at="2022-09-16T17:22:42 IST" name="CreateUsername" finished-at="2022-09-16T17:22:45 IST" duration-ms="2255" status="PASS">
          <reporter-output>
          </reporter-output>
        </test-method> <!-- CreateUsername -->
        <test-method signature="DeleteUser()[pri:6, instance:Com.sgtesting.launchprocess.UserScenario@32502377]" started-at="2022-09-16T17:22:45 IST" name="DeleteUser" finished-at="2022-09-16T17:22:45 IST" duration-ms="42" status="PASS">
          <reporter-output>
          </reporter-output>
        </test-method> <!-- DeleteUser -->
        <test-method signature="logout()[pri:7, instance:Com.sgtesting.launchprocess.UserScenario@32502377]" started-at="2022-09-16T17:22:45 IST" name="logout" finished-at="2022-09-16T17:22:46 IST" duration-ms="1081" status="PASS">
          <reporter-output>
          </reporter-output>
        </test-method> <!-- logout -->
        <test-method signature="closeApplication()[pri:8, instance:Com.sgtesting.launchprocess.UserScenario@32502377]" started-at="2022-09-16T17:22:46 IST" name="closeApplication" finished-at="2022-09-16T17:22:46 IST" duration-ms="373" status="PASS">
          <reporter-output>
          </reporter-output>
        </test-method> <!-- closeApplication -->
      </class> <!-- Com.sgtesting.launchprocess.UserScenario -->
      <class name="Com.sgtesting.launchprocess.Assignment6">
        <test-method signature="launchbroswer()[pri:1, instance:Com.sgtesting.launchprocess.Assignment6@31fa1761]" started-at="2022-09-16T17:20:20 IST" name="launchbroswer" finished-at="2022-09-16T17:20:21 IST" duration-ms="1271" status="PASS">
          <reporter-output>
          </reporter-output>
        </test-method> <!-- launchbroswer -->
        <test-method signature="navigate()[pri:2, instance:Com.sgtesting.launchprocess.Assignment6@31fa1761]" started-at="2022-09-16T17:20:21 IST" name="navigate" finished-at="2022-09-16T17:20:28 IST" duration-ms="6678" status="PASS">
          <reporter-output>
          </reporter-output>
        </test-method> <!-- navigate -->
        <test-method signature="login(java.lang.String,java.lang.String)[pri:3, instance:Com.sgtesting.launchprocess.Assignment6@31fa1761]" started-at="2022-09-16T17:20:28 IST" name="login" data-provider="getcred" finished-at="2022-09-16T17:20:28 IST" duration-ms="288" status="PASS">
          <params>
            <param index="0">
              <value>
                <![CDATA[admin]]>
              </value>
            </param>
            <param index="1">
              <value>
                <![CDATA[manager]]>
              </value>
            </param>
          </params>
          <reporter-output>
          </reporter-output>
        </test-method> <!-- login -->
        <test-method signature="minimizeFlyOutWindow()[pri:4, instance:Com.sgtesting.launchprocess.Assignment6@31fa1761]" started-at="2022-09-16T17:20:28 IST" name="minimizeFlyOutWindow" finished-at="2022-09-16T17:20:34 IST" duration-ms="5878" status="PASS">
          <reporter-output>
          </reporter-output>
        </test-method> <!-- minimizeFlyOutWindow -->
        <test-method signature="CustomerCreate(java.lang.String,java.lang.String)[pri:5, instance:Com.sgtesting.launchprocess.Assignment6@31fa1761]" started-at="2022-09-16T17:20:34 IST" name="CustomerCreate" data-provider="getvalue" finished-at="2022-09-16T17:20:44 IST" duration-ms="10274" status="PASS">
          <params>
            <param index="0">
              <value>
                <![CDATA[sagar]]>
              </value>
            </param>
            <param index="1">
              <value>
                <![CDATA[Determination, passion necessary]]>
              </value>
            </param>
          </params>
          <reporter-output>
          </reporter-output>
        </test-method> <!-- CustomerCreate -->
        <test-method signature="ProjectCreate(java.lang.String,java.lang.String)[pri:6, instance:Com.sgtesting.launchprocess.Assignment6@31fa1761]" started-at="2022-09-16T17:20:44 IST" name="ProjectCreate" data-provider="getwords" finished-at="2022-09-16T17:20:55 IST" duration-ms="10962" status="PASS">
          <params>
            <param index="0">
              <value>
                <![CDATA[Ashok]]>
              </value>
            </param>
            <param index="1">
              <value>
                <![CDATA[Study hard]]>
              </value>
            </param>
          </params>
          <reporter-output>
          </reporter-output>
        </test-method> <!-- ProjectCreate -->
        <test-method signature="DeleteProject()[pri:7, instance:Com.sgtesting.launchprocess.Assignment6@31fa1761]" started-at="2022-09-16T17:20:55 IST" name="DeleteProject" finished-at="2022-09-16T17:21:02 IST" duration-ms="6544" status="PASS">
          <reporter-output>
          </reporter-output>
        </test-method> <!-- DeleteProject -->
        <test-method signature="DeleteCustomer()[pri:8, instance:Com.sgtesting.launchprocess.Assignment6@31fa1761]" started-at="2022-09-16T17:21:02 IST" name="DeleteCustomer" finished-at="2022-09-16T17:21:17 IST" duration-ms="14698" status="PASS">
          <reporter-output>
          </reporter-output>
        </test-method> <!-- DeleteCustomer -->
        <test-method signature="Logout()[pri:9, instance:Com.sgtesting.launchprocess.Assignment6@31fa1761]" started-at="2022-09-16T17:21:17 IST" name="Logout" finished-at="2022-09-16T17:21:19 IST" duration-ms="2420" status="PASS">
          <reporter-output>
          </reporter-output>
        </test-method> <!-- Logout -->
        <test-method signature="CloseApplication()[pri:10, instance:Com.sgtesting.launchprocess.Assignment6@31fa1761]" started-at="2022-09-16T17:21:19 IST" name="CloseApplication" finished-at="2022-09-16T17:21:19 IST" duration-ms="208" status="PASS">
          <reporter-output>
          </reporter-output>
        </test-method> <!-- CloseApplication -->
      </class> <!-- Com.sgtesting.launchprocess.Assignment6 -->
      <class name="Com.sgtesting.launchprocess.Assignment7">
        <test-method signature="launchbroswer()[pri:1, instance:Com.sgtesting.launchprocess.Assignment7@957e06]" started-at="2022-09-16T17:21:19 IST" name="launchbroswer" finished-at="2022-09-16T17:21:21 IST" duration-ms="1388" status="PASS">
          <reporter-output>
          </reporter-output>
        </test-method> <!-- launchbroswer -->
        <test-method signature="navigate()[pri:2, instance:Com.sgtesting.launchprocess.Assignment7@957e06]" started-at="2022-09-16T17:21:21 IST" name="navigate" finished-at="2022-09-16T17:21:28 IST" duration-ms="7901" status="PASS">
          <reporter-output>
          </reporter-output>
        </test-method> <!-- navigate -->
        <test-method signature="login(java.lang.String,java.lang.String)[pri:3, instance:Com.sgtesting.launchprocess.Assignment7@957e06]" started-at="2022-09-16T17:21:28 IST" name="login" data-provider="getcred" finished-at="2022-09-16T17:21:29 IST" duration-ms="249" status="PASS">
          <params>
            <param index="0">
              <value>
                <![CDATA[admin]]>
              </value>
            </param>
            <param index="1">
              <value>
                <![CDATA[manager]]>
              </value>
            </param>
          </params>
          <reporter-output>
          </reporter-output>
        </test-method> <!-- login -->
        <test-method signature="minimizeFlyOutWindow()[pri:4, instance:Com.sgtesting.launchprocess.Assignment7@957e06]" started-at="2022-09-16T17:21:29 IST" name="minimizeFlyOutWindow" finished-at="2022-09-16T17:21:33 IST" duration-ms="4329" status="PASS">
          <reporter-output>
          </reporter-output>
        </test-method> <!-- minimizeFlyOutWindow -->
        <test-method signature="CustomerCreate(java.lang.String,java.lang.String)[pri:5, instance:Com.sgtesting.launchprocess.Assignment7@957e06]" started-at="2022-09-16T17:21:33 IST" name="CustomerCreate" data-provider="getvalue" finished-at="2022-09-16T17:21:43 IST" duration-ms="10400" status="PASS">
          <params>
            <param index="0">
              <value>
                <![CDATA[sagar]]>
              </value>
            </param>
            <param index="1">
              <value>
                <![CDATA[Determination, passion necessary]]>
              </value>
            </param>
          </params>
          <reporter-output>
          </reporter-output>
        </test-method> <!-- CustomerCreate -->
        <test-method signature="ProjectCreate(java.lang.String,java.lang.String)[pri:6, instance:Com.sgtesting.launchprocess.Assignment7@957e06]" started-at="2022-09-16T17:21:43 IST" name="ProjectCreate" data-provider="getwords" finished-at="2022-09-16T17:21:54 IST" duration-ms="10812" status="PASS">
          <params>
            <param index="0">
              <value>
                <![CDATA[Ashok]]>
              </value>
            </param>
            <param index="1">
              <value>
                <![CDATA[Study hard]]>
              </value>
            </param>
          </params>
          <reporter-output>
          </reporter-output>
        </test-method> <!-- ProjectCreate -->
        <test-method signature="ModifiyProject(java.lang.String)[pri:7, instance:Com.sgtesting.launchprocess.Assignment7@957e06]" started-at="2022-09-16T17:21:54 IST" name="ModifiyProject" data-provider="getvalues" finished-at="2022-09-16T17:22:03 IST" duration-ms="8665" status="PASS">
          <params>
            <param index="0">
              <value>
                <![CDATA[Superb]]>
              </value>
            </param>
          </params>
          <reporter-output>
          </reporter-output>
        </test-method> <!-- ModifiyProject -->
        <test-method signature="NewTask(java.lang.String,java.lang.String,java.lang.String,java.lang.String,java.lang.String)[pri:8, instance:Com.sgtesting.launchprocess.Assignment7@957e06]" started-at="2022-09-16T17:22:03 IST" name="NewTask" data-provider="getcredital" finished-at="2022-09-16T17:22:10 IST" duration-ms="6898" status="PASS">
          <params>
            <param index="0">
              <value>
                <![CDATA[Ashok]]>
              </value>
            </param>
            <param index="1">
              <value>
                <![CDATA[monika]]>
              </value>
            </param>
            <param index="2">
              <value>
                <![CDATA[kiran]]>
              </value>
            </param>
            <param index="3">
              <value>
                <![CDATA[sagar]]>
              </value>
            </param>
            <param index="4">
              <value>
                <![CDATA[arun]]>
              </value>
            </param>
          </params>
          <reporter-output>
          </reporter-output>
        </test-method> <!-- NewTask -->
        <test-method signature="DeleteProject()[pri:9, instance:Com.sgtesting.launchprocess.Assignment7@957e06]" started-at="2022-09-16T17:22:10 IST" name="DeleteProject" finished-at="2022-09-16T17:22:16 IST" duration-ms="6541" status="PASS">
          <reporter-output>
          </reporter-output>
        </test-method> <!-- DeleteProject -->
        <test-method signature="DeleteCustomer()[pri:10, instance:Com.sgtesting.launchprocess.Assignment7@957e06]" started-at="2022-09-16T17:22:16 IST" name="DeleteCustomer" finished-at="2022-09-16T17:22:31 IST" duration-ms="14570" status="PASS">
          <reporter-output>
          </reporter-output>
        </test-method> <!-- DeleteCustomer -->
        <test-method signature="Logout()[pri:11, instance:Com.sgtesting.launchprocess.Assignment7@957e06]" started-at="2022-09-16T17:22:31 IST" name="Logout" finished-at="2022-09-16T17:22:33 IST" duration-ms="2400" status="PASS">
          <reporter-output>
          </reporter-output>
        </test-method> <!-- Logout -->
        <test-method signature="CloseApplication()[pri:12, instance:Com.sgtesting.launchprocess.Assignment7@957e06]" started-at="2022-09-16T17:22:33 IST" name="CloseApplication" finished-at="2022-09-16T17:22:34 IST" duration-ms="233" status="PASS">
          <reporter-output>
          </reporter-output>
        </test-method> <!-- CloseApplication -->
      </class> <!-- Com.sgtesting.launchprocess.Assignment7 -->
      <class name="Com.sgtesting.launchprocess.Assignment4">
        <test-method signature="launchbroswer()[pri:1, instance:Com.sgtesting.launchprocess.Assignment4@729d991e]" started-at="2022-09-16T17:19:30 IST" name="launchbroswer" finished-at="2022-09-16T17:19:31 IST" duration-ms="1115" status="PASS">
          <reporter-output>
          </reporter-output>
        </test-method> <!-- launchbroswer -->
        <test-method signature="navigate()[pri:2, instance:Com.sgtesting.launchprocess.Assignment4@729d991e]" started-at="2022-09-16T17:19:31 IST" name="navigate" finished-at="2022-09-16T17:19:37 IST" duration-ms="6096" status="PASS">
          <reporter-output>
          </reporter-output>
        </test-method> <!-- navigate -->
        <test-method signature="login(java.lang.String,java.lang.String)[pri:3, instance:Com.sgtesting.launchprocess.Assignment4@729d991e]" started-at="2022-09-16T17:19:37 IST" name="login" data-provider="getcred" finished-at="2022-09-16T17:19:38 IST" duration-ms="336" status="PASS">
          <params>
            <param index="0">
              <value>
                <![CDATA[admin]]>
              </value>
            </param>
            <param index="1">
              <value>
                <![CDATA[manager]]>
              </value>
            </param>
          </params>
          <reporter-output>
          </reporter-output>
        </test-method> <!-- login -->
        <test-method signature="minimizeFlyOutWindow()[pri:4, instance:Com.sgtesting.launchprocess.Assignment4@729d991e]" started-at="2022-09-16T17:19:38 IST" name="minimizeFlyOutWindow" finished-at="2022-09-16T17:19:44 IST" duration-ms="5757" status="PASS">
          <reporter-output>
          </reporter-output>
        </test-method> <!-- minimizeFlyOutWindow -->
        <test-method signature="CustomerCreate(java.lang.String,java.lang.String)[pri:5, instance:Com.sgtesting.launchprocess.Assignment4@729d991e]" started-at="2022-09-16T17:19:44 IST" name="CustomerCreate" data-provider="getvalue" finished-at="2022-09-16T17:19:54 IST" duration-ms="10193" status="PASS">
          <params>
            <param index="0">
              <value>
                <![CDATA[sagar]]>
              </value>
            </param>
            <param index="1">
              <value>
                <![CDATA[Determination, passion necessary]]>
              </value>
            </param>
          </params>
          <reporter-output>
          </reporter-output>
        </test-method> <!-- CustomerCreate -->
        <test-method signature="ModifyTask6(java.lang.String)[pri:6, instance:Com.sgtesting.launchprocess.Assignment4@729d991e]" started-at="2022-09-16T17:19:54 IST" name="ModifyTask6" data-provider="getwords" finished-at="2022-09-16T17:20:00 IST" duration-ms="6651" status="PASS">
          <params>
            <param index="0">
              <value>
                <![CDATA[extra Determination, passion necessary]]>
              </value>
            </param>
          </params>
          <reporter-output>
          </reporter-output>
        </test-method> <!-- ModifyTask6 -->
        <test-method signature="DeleteCustomer()[pri:7, instance:Com.sgtesting.launchprocess.Assignment4@729d991e]" started-at="2022-09-16T17:20:00 IST" name="DeleteCustomer" finished-at="2022-09-16T17:20:17 IST" duration-ms="16871" status="PASS">
          <reporter-output>
          </reporter-output>
        </test-method> <!-- DeleteCustomer -->
        <test-method signature="Logout()[pri:8, instance:Com.sgtesting.launchprocess.Assignment4@729d991e]" started-at="2022-09-16T17:20:17 IST" name="Logout" finished-at="2022-09-16T17:20:20 IST" duration-ms="2442" status="PASS">
          <reporter-output>
          </reporter-output>
        </test-method> <!-- Logout -->
        <test-method signature="CloseApplication()[pri:9, instance:Com.sgtesting.launchprocess.Assignment4@729d991e]" started-at="2022-09-16T17:20:20 IST" name="CloseApplication" finished-at="2022-09-16T17:20:20 IST" duration-ms="172" status="PASS">
          <reporter-output>
          </reporter-output>
        </test-method> <!-- CloseApplication -->
      </class> <!-- Com.sgtesting.launchprocess.Assignment4 -->
      <class name="Com.sgtesting.launchprocess.Assignment2">
        <test-method signature="launchbroswer()[pri:1, instance:Com.sgtesting.launchprocess.Assignment2@209da20d]" started-at="2022-09-16T17:17:49 IST" name="launchbroswer" finished-at="2022-09-16T17:17:52 IST" duration-ms="2839" status="PASS">
          <reporter-output>
          </reporter-output>
        </test-method> <!-- launchbroswer -->
        <test-method signature="navigate()[pri:2, instance:Com.sgtesting.launchprocess.Assignment2@209da20d]" started-at="2022-09-16T17:17:52 IST" name="navigate" finished-at="2022-09-16T17:17:59 IST" duration-ms="6991" status="PASS">
          <reporter-output>
          </reporter-output>
        </test-method> <!-- navigate -->
        <test-method signature="login(java.lang.String,java.lang.String)[pri:3, instance:Com.sgtesting.launchprocess.Assignment2@209da20d]" started-at="2022-09-16T17:17:59 IST" name="login" data-provider="getcred" finished-at="2022-09-16T17:18:00 IST" duration-ms="360" status="PASS">
          <params>
            <param index="0">
              <value>
                <![CDATA[admin]]>
              </value>
            </param>
            <param index="1">
              <value>
                <![CDATA[manager]]>
              </value>
            </param>
          </params>
          <reporter-output>
          </reporter-output>
        </test-method> <!-- login -->
        <test-method signature="minimizeFlyOutWindow()[pri:4, instance:Com.sgtesting.launchprocess.Assignment2@209da20d]" started-at="2022-09-16T17:18:00 IST" name="minimizeFlyOutWindow" finished-at="2022-09-16T17:18:03 IST" duration-ms="3901" status="PASS">
          <reporter-output>
          </reporter-output>
        </test-method> <!-- minimizeFlyOutWindow -->
        <test-method signature="CreateUsername()[pri:5, instance:Com.sgtesting.launchprocess.Assignment2@209da20d]" started-at="2022-09-16T17:18:03 IST" name="CreateUsername" finished-at="2022-09-16T17:18:20 IST" duration-ms="16212" status="PASS">
          <reporter-output>
          </reporter-output>
        </test-method> <!-- CreateUsername -->
        <test-method signature="ModifiyUsername(java.lang.String,java.lang.String,java.lang.String,java.lang.String,java.lang.String,java.lang.String)[pri:6, instance:Com.sgtesting.launchprocess.Assignment2@209da20d]" started-at="2022-09-16T17:18:20 IST" name="ModifiyUsername" data-provider="getcreate" finished-at="2022-09-16T17:18:39 IST" duration-ms="19744" status="PASS">
          <params>
            <param index="0">
              <value>
                <![CDATA[Asho]]>
              </value>
            </param>
            <param index="1">
              <value>
                <![CDATA[Kumar]]>
              </value>
            </param>
            <param index="2">
              <value>
                <![CDATA[akn.ashu96@gmail.com]]>
              </value>
            </param>
            <param index="3">
              <value>
                <![CDATA[Sagar]]>
              </value>
            </param>
            <param index="4">
              <value>
                <![CDATA[Welcome1]]>
              </value>
            </param>
            <param index="5">
              <value>
                <![CDATA[Welcome1]]>
              </value>
            </param>
          </params>
          <reporter-output>
          </reporter-output>
        </test-method> <!-- ModifiyUsername -->
        <test-method signature="DeleteUser()[pri:7, instance:Com.sgtesting.launchprocess.Assignment2@209da20d]" started-at="2022-09-16T17:18:39 IST" name="DeleteUser" finished-at="2022-09-16T17:18:46 IST" duration-ms="6445" status="PASS">
          <reporter-output>
          </reporter-output>
        </test-method> <!-- DeleteUser -->
        <test-method signature="logout()[pri:8, instance:Com.sgtesting.launchprocess.Assignment2@209da20d]" started-at="2022-09-16T17:18:46 IST" name="logout" finished-at="2022-09-16T17:18:48 IST" duration-ms="2563" status="PASS">
          <reporter-output>
          </reporter-output>
        </test-method> <!-- logout -->
        <test-method signature="closeApplication()[pri:9, instance:Com.sgtesting.launchprocess.Assignment2@209da20d]" started-at="2022-09-16T17:18:48 IST" name="closeApplication" finished-at="2022-09-16T17:18:49 IST" duration-ms="546" status="PASS">
          <reporter-output>
          </reporter-output>
        </test-method> <!-- closeApplication -->
      </class> <!-- Com.sgtesting.launchprocess.Assignment2 -->
      <class name="Com.sgtesting.launchprocess.Assignment3">
        <test-method signature="launchbroswer()[pri:1, instance:Com.sgtesting.launchprocess.Assignment3@1de5f259]" started-at="2022-09-16T17:18:49 IST" name="launchbroswer" finished-at="2022-09-16T17:18:51 IST" duration-ms="1789" status="PASS">
          <reporter-output>
          </reporter-output>
        </test-method> <!-- launchbroswer -->
        <test-method signature="navigate()[pri:2, instance:Com.sgtesting.launchprocess.Assignment3@1de5f259]" started-at="2022-09-16T17:18:51 IST" name="navigate" finished-at="2022-09-16T17:18:58 IST" duration-ms="6773" status="PASS">
          <reporter-output>
          </reporter-output>
        </test-method> <!-- navigate -->
        <test-method signature="login(java.lang.String,java.lang.String)[pri:3, instance:Com.sgtesting.launchprocess.Assignment3@1de5f259]" started-at="2022-09-16T17:18:58 IST" name="login" data-provider="getcred" finished-at="2022-09-16T17:18:58 IST" duration-ms="253" status="PASS">
          <params>
            <param index="0">
              <value>
                <![CDATA[admin]]>
              </value>
            </param>
            <param index="1">
              <value>
                <![CDATA[manager]]>
              </value>
            </param>
          </params>
          <reporter-output>
          </reporter-output>
        </test-method> <!-- login -->
        <test-method signature="minimizeFlyOutWindow()[pri:4, instance:Com.sgtesting.launchprocess.Assignment3@1de5f259]" started-at="2022-09-16T17:18:58 IST" name="minimizeFlyOutWindow" finished-at="2022-09-16T17:19:02 IST" duration-ms="3810" status="PASS">
          <reporter-output>
          </reporter-output>
        </test-method> <!-- minimizeFlyOutWindow -->
        <test-method signature="CustomerCreate()[pri:5, instance:Com.sgtesting.launchprocess.Assignment3@1de5f259]" started-at="2022-09-16T17:19:02 IST" name="CustomerCreate" finished-at="2022-09-16T17:19:13 IST" duration-ms="11108" status="PASS">
          <reporter-output>
          </reporter-output>
        </test-method> <!-- CustomerCreate -->
        <test-method signature="DeleteCustomer()[pri:6, instance:Com.sgtesting.launchprocess.Assignment3@1de5f259]" started-at="2022-09-16T17:19:13 IST" name="DeleteCustomer" finished-at="2022-09-16T17:19:28 IST" duration-ms="14774" status="PASS">
          <reporter-output>
          </reporter-output>
        </test-method> <!-- DeleteCustomer -->
        <test-method signature="Logout()[pri:7, instance:Com.sgtesting.launchprocess.Assignment3@1de5f259]" started-at="2022-09-16T17:19:28 IST" name="Logout" finished-at="2022-09-16T17:19:30 IST" duration-ms="2374" status="PASS">
          <reporter-output>
          </reporter-output>
        </test-method> <!-- Logout -->
        <test-method signature="CloseApplication()[pri:8, instance:Com.sgtesting.launchprocess.Assignment3@1de5f259]" started-at="2022-09-16T17:19:30 IST" name="CloseApplication" finished-at="2022-09-16T17:19:30 IST" duration-ms="314" status="PASS">
          <reporter-output>
          </reporter-output>
        </test-method> <!-- CloseApplication -->
      </class> <!-- Com.sgtesting.launchprocess.Assignment3 -->
    </test> <!-- Testcase -->
  </suite> <!-- Automation -->
</testng-results>
